Determining if the pthread_create exist failed with the following output:
Change Dir: /home/nigno/Robot/catkinWS/src/ardrone_helpers/ardrone_joystick/build/CMakeFiles/CMakeTmp

Run Build Command:/usr/bin/make "cmTryCompileExec3752810172/fast"
make[1]: Entering directory `/home/nigno/Robot/catkinWS/src/ardrone_helpers/ardrone_joystick/build/CMakeFiles/CMakeTmp'
/usr/bin/make -f CMakeFiles/cmTryCompileExec3752810172.dir/build.make CMakeFiles/cmTryCompileExec3752810172.dir/build
make[2]: Entering directory `/home/nigno/Robot/catkinWS/src/ardrone_helpers/ardrone_joystick/build/CMakeFiles/CMakeTmp'
/usr/bin/cmake -E cmake_progress_report /home/nigno/Robot/catkinWS/src/ardrone_helpers/ardrone_joystick/build/CMakeFiles/CMakeTmp/CMakeFiles 1
Building C object CMakeFiles/cmTryCompileExec3752810172.dir/CheckSymbolExists.c.o
/usr/bin/cc    -o CMakeFiles/cmTryCompileExec3752810172.dir/CheckSymbolExists.c.o   -c /home/nigno/Robot/catkinWS/src/ardrone_helpers/ardrone_joystick/build/CMakeFiles/CMakeTmp/CheckSymbolExists.c
Linking C executable cmTryCompileExec3752810172
/usr/bin/cmake -E cmake_link_script CMakeFiles/cmTryCompileExec3752810172.dir/link.txt --verbose=1
/usr/bin/cc       CMakeFiles/cmTryCompileExec3752810172.dir/CheckSymbolExists.c.o  -o cmTryCompileExec3752810172 -rdynamic 
CMakeFiles/cmTryCompileExec3752810172.dir/CheckSymbolExists.c.o: In function `main':
CheckSymbolExists.c:(.text+0x16): undefined reference to `pthread_create'
collect2: error: ld returned 1 exit status
make[2]: Leaving directory `/home/nigno/Robot/catkinWS/src/ardrone_helpers/ardrone_joystick/build/CMakeFiles/CMakeTmp'
make[2]: *** [cmTryCompileExec3752810172] Error 1
make[1]: Leaving directory `/home/nigno/Robot/catkinWS/src/ardrone_helpers/ardrone_joystick/build/CMakeFiles/CMakeTmp'
make[1]: *** [cmTryCompileExec3752810172/fast] Error 2

File /home/nigno/Robot/catkinWS/src/ardrone_helpers/ardrone_joystick/build/CMakeFiles/CMakeTmp/CheckSymbolExists.c:
/* */
#include <pthread.h>

int main(int argc, char** argv)
{
  (void)argv;
#ifndef pthread_create
  return ((int*)(&pthread_create))[argc];
#else
  (void)argc;
  return 0;
#endif
}

Determining if the function pthread_create exists in the pthreads failed with the following output:
Change Dir: /home/nigno/Robot/catkinWS/src/ardrone_helpers/ardrone_joystick/build/CMakeFiles/CMakeTmp

Run Build Command:/usr/bin/make "cmTryCompileExec3883591504/fast"
make[1]: Entering directory `/home/nigno/Robot/catkinWS/src/ardrone_helpers/ardrone_joystick/build/CMakeFiles/CMakeTmp'
/usr/bin/make -f CMakeFiles/cmTryCompileExec3883591504.dir/build.make CMakeFiles/cmTryCompileExec3883591504.dir/build
make[2]: Entering directory `/home/nigno/Robot/catkinWS/src/ardrone_helpers/ardrone_joystick/build/CMakeFiles/CMakeTmp'
/usr/bin/cmake -E cmake_progress_report /home/nigno/Robot/catkinWS/src/ardrone_helpers/ardrone_joystick/build/CMakeFiles/CMakeTmp/CMakeFiles 1
Building C object CMakeFiles/cmTryCompileExec3883591504.dir/CheckFunctionExists.c.o
/usr/bin/cc   -DCHECK_FUNCTION_EXISTS=pthread_create   -o CMakeFiles/cmTryCompileExec3883591504.dir/CheckFunctionExists.c.o   -c /usr/share/cmake-2.8/Modules/CheckFunctionExists.c
Linking C executable cmTryCompileExec3883591504
/usr/bin/cmake -E cmake_link_script CMakeFiles/cmTryCompileExec3883591504.dir/link.txt --verbose=1
/usr/bin/cc   -DCHECK_FUNCTION_EXISTS=pthread_create    CMakeFiles/cmTryCompileExec3883591504.dir/CheckFunctionExists.c.o  -o cmTryCompileExec3883591504 -rdynamic -lpthreads 
/usr/bin/ld: cannot find -lpthreads
collect2: error: ld returned 1 exit status
make[2]: Leaving directory `/home/nigno/Robot/catkinWS/src/ardrone_helpers/ardrone_joystick/build/CMakeFiles/CMakeTmp'
make[2]: *** [cmTryCompileExec3883591504] Error 1
make[1]: Leaving directory `/home/nigno/Robot/catkinWS/src/ardrone_helpers/ardrone_joystick/build/CMakeFiles/CMakeTmp'
make[1]: *** [cmTryCompileExec3883591504/fast] Error 2


